# JRE version: OpenJDK Runtime Environment Temurin-21.0.8+9 (21.0.8+9) (build 21.0.8+9-LTS)
# Java VM: OpenJDK 64-Bit Server VM Temurin-21.0.8+9 (21.0.8+9-LTS, mixed mode, sharing, tiered, compressed oops, compressed class ptrs, parallel gc, bsd-amd64)
GC Precious Log:
 CardTable entry size: 512
 CPUs: 4 total, 4 available
 Memory: 16384M
 Large Page Support: Disabled
 NUMA Support: Disabled
 Compressed Oops: Enabled (Zero based)
 Alignments: Space 512K, Generation 512K, Heap 2M
 Heap Min Capacity: 100M
 Heap Initial Capacity: 100M
 Heap Max Capacity: 2G
 Pre-touch: Disabled
 Parallel Workers: 4
Heap:
 PSYoungGen      total 21504K, used 19703K [0x00000007d5580000, 0x00000007d6d00000, 0x0000000800000000)
  eden space 20480K, 92% used [0x00000007d5580000,0x00000007d67edc98,0x00000007d6980000)
  from space 1024K, 81% used [0x00000007d6c00000,0x00000007d6cd0000,0x00000007d6d00000)
  to   space 1024K, 0% used [0x00000007d6b00000,0x00000007d6b00000,0x00000007d6c00000)
 ParOldGen       total 68608K, used 25780K [0x0000000780000000, 0x0000000784300000, 0x00000007d5580000)
  object space 68608K, 37% used [0x0000000780000000,0x000000078192d330,0x0000000784300000)
 Metaspace       used 42072K, committed 43136K, reserved 1114112K
  class space    used 4571K, committed 4992K, reserved 1048576K
GC Heap History (20 events):
Event: 28.658 GC heap before
{Heap before GC invocations=11 (full 1):
 PSYoungGen      total 22016K, used 21696K [0x00000007d5580000, 0x00000007d7180000, 0x0000000800000000)
  eden space 21504K, 100% used [0x00000007d5580000,0x00000007d6a80000,0x00000007d6a80000)
  from space 512K, 37% used [0x00000007d6b00000,0x00000007d6b30000,0x00000007d6b80000)
  to   space 2048K, 0% used [0x00000007d6f80000,0x00000007d6f80000,0x00000007d7180000)
 ParOldGen       total 68608K, used 17475K [0x0000000780000000, 0x0000000784300000, 0x00000007d5580000)
  object space 68608K, 25% used [0x0000000780000000,0x0000000781110c30,0x0000000784300000)
 Metaspace       used 25477K, committed 26368K, reserved 1114112K
  class space    used 2562K, committed 2944K, reserved 1048576K
}
Event: 28.659 GC heap after
{Heap after GC invocations=11 (full 1):
 PSYoungGen      total 23552K, used 2032K [0x00000007d5580000, 0x00000007d7180000, 0x0000000800000000)
  eden space 21504K, 0% used [0x00000007d5580000,0x00000007d5580000,0x00000007d6a80000)
  from space 2048K, 99% used [0x00000007d6f80000,0x00000007d717c148,0x00000007d7180000)
  to   space 3584K, 0% used [0x00000007d6a80000,0x00000007d6a80000,0x00000007d6e00000)
 ParOldGen       total 68608K, used 18144K [0x0000000780000000, 0x0000000784300000, 0x00000007d5580000)
  object space 68608K, 26% used [0x0000000780000000,0x00000007811b82d8,0x0000000784300000)
 Metaspace       used 25477K, committed 26368K, reserved 1114112K
  class space    used 2562K, committed 2944K, reserved 1048576K
}
Event: 28.876 GC heap before
{Heap before GC invocations=12 (full 1):
 PSYoungGen      total 23552K, used 23536K [0x00000007d5580000, 0x00000007d7180000, 0x0000000800000000)
  eden space 21504K, 100% used [0x00000007d5580000,0x00000007d6a80000,0x00000007d6a80000)
  from space 2048K, 99% used [0x00000007d6f80000,0x00000007d717c148,0x00000007d7180000)
  to   space 3584K, 0% used [0x00000007d6a80000,0x00000007d6a80000,0x00000007d6e00000)
 ParOldGen       total 68608K, used 18144K [0x0000000780000000, 0x0000000784300000, 0x00000007d5580000)
  object space 68608K, 26% used [0x0000000780000000,0x00000007811b82d8,0x0000000784300000)
 Metaspace       used 27598K, committed 28480K, reserved 1114112K
  class space    used 2755K, committed 3136K, reserved 1048576K
}
Event: 28.889 GC heap after
{Heap after GC invocations=12 (full 1):
 PSYoungGen      total 23552K, used 2024K [0x00000007d5580000, 0x00000007d7000000, 0x0000000800000000)
  eden space 21504K, 0% used [0x00000007d5580000,0x00000007d5580000,0x00000007d6a80000)
  from space 2048K, 98% used [0x00000007d6a80000,0x00000007d6c7a2b0,0x00000007d6c80000)
  to   space 2560K, 0% used [0x00000007d6d80000,0x00000007d6d80000,0x00000007d7000000)
 ParOldGen       total 68608K, used 19195K [0x0000000780000000, 0x0000000784300000, 0x00000007d5580000)
  object space 68608K, 27% used [0x0000000780000000,0x00000007812bef98,0x0000000784300000)
 Metaspace       used 27598K, committed 28480K, reserved 1114112K
  class space    used 2755K, committed 3136K, reserved 1048576K
}
Event: 29.400 GC heap before
{Heap before GC invocations=13 (full 1):
 PSYoungGen      total 23552K, used 23528K [0x00000007d5580000, 0x00000007d7000000, 0x0000000800000000)
  eden space 21504K, 100% used [0x00000007d5580000,0x00000007d6a80000,0x00000007d6a80000)
  from space 2048K, 98% used [0x00000007d6a80000,0x00000007d6c7a2b0,0x00000007d6c80000)
  to   space 2560K, 0% used [0x00000007d6d80000,0x00000007d6d80000,0x00000007d7000000)
 ParOldGen       total 68608K, used 19195K [0x0000000780000000, 0x0000000784300000, 0x00000007d5580000)
  object space 68608K, 27% used [0x0000000780000000,0x00000007812bef98,0x0000000784300000)
 Metaspace       used 29725K, committed 30592K, reserved 1114112K
  class space    used 3019K, committed 3392K, reserved 1048576K
}
Event: 29.413 GC heap after
{Heap after GC invocations=13 (full 1):
 PSYoungGen      total 23040K, used 1185K [0x00000007d5580000, 0x00000007d6f00000, 0x0000000800000000)
  eden space 21504K, 0% used [0x00000007d5580000,0x00000007d5580000,0x00000007d6a80000)
  from space 1536K, 77% used [0x00000007d6d80000,0x00000007d6ea8750,0x00000007d6f00000)
  to   space 1536K, 0% used [0x00000007d6c00000,0x00000007d6c00000,0x00000007d6d80000)
 ParOldGen       total 68608K, used 21020K [0x0000000780000000, 0x0000000784300000, 0x00000007d5580000)
  object space 68608K, 30% used [0x0000000780000000,0x0000000781487198,0x0000000784300000)
 Metaspace       used 29725K, committed 30592K, reserved 1114112K
  class space    used 3019K, committed 3392K, reserved 1048576K
}
Event: 30.258 GC heap before
{Heap before GC invocations=14 (full 1):
 PSYoungGen      total 23040K, used 22689K [0x00000007d5580000, 0x00000007d6f00000, 0x0000000800000000)
  eden space 21504K, 100% used [0x00000007d5580000,0x00000007d6a80000,0x00000007d6a80000)
  from space 1536K, 77% used [0x00000007d6d80000,0x00000007d6ea8750,0x00000007d6f00000)
  to   space 1536K, 0% used [0x00000007d6c00000,0x00000007d6c00000,0x00000007d6d80000)
 ParOldGen       total 68608K, used 21020K [0x0000000780000000, 0x0000000784300000, 0x00000007d5580000)
  object space 68608K, 30% used [0x0000000780000000,0x0000000781487198,0x0000000784300000)
 Metaspace       used 32058K, committed 32896K, reserved 1114112K
  class space    used 3286K, committed 3648K, reserved 1048576K
}
Event: 30.272 GC heap after
{Heap after GC invocations=14 (full 1):
 PSYoungGen      total 22528K, used 972K [0x00000007d5580000, 0x00000007d6e00000, 0x0000000800000000)
  eden space 21504K, 0% used [0x00000007d5580000,0x00000007d5580000,0x00000007d6a80000)
  from space 1024K, 94% used [0x00000007d6c00000,0x00000007d6cf30a8,0x00000007d6d00000)
  to   space 1024K, 0% used [0x00000007d6d00000,0x00000007d6d00000,0x00000007d6e00000)
 ParOldGen       total 68608K, used 21940K [0x0000000780000000, 0x0000000784300000, 0x00000007d5580000)
  object space 68608K, 31% used [0x0000000780000000,0x000000078156d330,0x0000000784300000)
 Metaspace       used 32058K, committed 32896K, reserved 1114112K
  class space    used 3286K, committed 3648K, reserved 1048576K
}
Event: 30.498 GC heap before
{Heap before GC invocations=15 (full 1):
 PSYoungGen      total 22528K, used 22476K [0x00000007d5580000, 0x00000007d6e00000, 0x0000000800000000)
  eden space 21504K, 100% used [0x00000007d5580000,0x00000007d6a80000,0x00000007d6a80000)
  from space 1024K, 94% used [0x00000007d6c00000,0x00000007d6cf30a8,0x00000007d6d00000)
  to   space 1024K, 0% used [0x00000007d6d00000,0x00000007d6d00000,0x00000007d6e00000)
 ParOldGen       total 68608K, used 21940K [0x0000000780000000, 0x0000000784300000, 0x00000007d5580000)
  object space 68608K, 31% used [0x0000000780000000,0x000000078156d330,0x0000000784300000)
 Metaspace       used 34000K, committed 34944K, reserved 1114112K
  class space    used 3510K, committed 3904K, reserved 1048576K
}
Event: 30.514 GC heap after
{Heap after GC invocations=15 (full 1):
 PSYoungGen      total 22528K, used 1009K [0x00000007d5580000, 0x00000007d6f80000, 0x0000000800000000)
  eden space 21504K, 0% used [0x00000007d5580000,0x00000007d5580000,0x00000007d6a80000)
  from space 1024K, 98% used [0x00000007d6d00000,0x00000007d6dfc5b8,0x00000007d6e00000)
  to   space 2560K, 0% used [0x00000007d6a80000,0x00000007d6a80000,0x00000007d6d00000)
 ParOldGen       total 68608K, used 23100K [0x0000000780000000, 0x0000000784300000, 0x00000007d5580000)
  object space 68608K, 33% used [0x0000000780000000,0x000000078168f318,0x0000000784300000)
 Metaspace       used 34000K, committed 34944K, reserved 1114112K
  class space    used 3510K, committed 3904K, reserved 1048576K
}
Event: 30.589 GC heap before
{Heap before GC invocations=16 (full 1):
 PSYoungGen      total 22528K, used 6418K [0x00000007d5580000, 0x00000007d6f80000, 0x0000000800000000)
  eden space 21504K, 25% used [0x00000007d5580000,0x00000007d5ac85b0,0x00000007d6a80000)
  from space 1024K, 98% used [0x00000007d6d00000,0x00000007d6dfc5b8,0x00000007d6e00000)
  to   space 2560K, 0% used [0x00000007d6a80000,0x00000007d6a80000,0x00000007d6d00000)
 ParOldGen       total 68608K, used 23100K [0x0000000780000000, 0x0000000784300000, 0x00000007d5580000)
  object space 68608K, 33% used [0x0000000780000000,0x000000078168f318,0x0000000784300000)
 Metaspace       used 34782K, committed 35840K, reserved 1114112K
  class space    used 3607K, committed 4096K, reserved 1048576K
}
Event: 30.591 GC heap after
{Heap after GC invocations=16 (full 1):
 PSYoungGen      total 22016K, used 384K [0x00000007d5580000, 0x00000007d6d80000, 0x0000000800000000)
  eden space 21504K, 0% used [0x00000007d5580000,0x00000007d5580000,0x00000007d6a80000)
  from space 512K, 75% used [0x00000007d6a80000,0x00000007d6ae0000,0x00000007d6b00000)
  to   space 1536K, 0% used [0x00000007d6c00000,0x00000007d6c00000,0x00000007d6d80000)
 ParOldGen       total 68608K, used 24050K [0x0000000780000000, 0x0000000784300000, 0x00000007d5580000)
  object space 68608K, 35% used [0x0000000780000000,0x000000078177c850,0x0000000784300000)
 Metaspace       used 34782K, committed 35840K, reserved 1114112K
  class space    used 3607K, committed 4096K, reserved 1048576K
}
Event: 30.591 GC heap before
{Heap before GC invocations=17 (full 2):
 PSYoungGen      total 22016K, used 384K [0x00000007d5580000, 0x00000007d6d80000, 0x0000000800000000)
  eden space 21504K, 0% used [0x00000007d5580000,0x00000007d5580000,0x00000007d6a80000)
  from space 512K, 75% used [0x00000007d6a80000,0x00000007d6ae0000,0x00000007d6b00000)
  to   space 1536K, 0% used [0x00000007d6c00000,0x00000007d6c00000,0x00000007d6d80000)
 ParOldGen       total 68608K, used 24050K [0x0000000780000000, 0x0000000784300000, 0x00000007d5580000)
  object space 68608K, 35% used [0x0000000780000000,0x000000078177c850,0x0000000784300000)
 Metaspace       used 34782K, committed 35840K, reserved 1114112K
  class space    used 3607K, committed 4096K, reserved 1048576K
}
Event: 30.667 GC heap after
{Heap after GC invocations=17 (full 2):
 PSYoungGen      total 22016K, used 0K [0x00000007d5580000, 0x00000007d6d80000, 0x0000000800000000)
  eden space 21504K, 0% used [0x00000007d5580000,0x00000007d5580000,0x00000007d6a80000)
  from space 512K, 0% used [0x00000007d6a80000,0x00000007d6a80000,0x00000007d6b00000)
  to   space 1536K, 0% used [0x00000007d6c00000,0x00000007d6c00000,0x00000007d6d80000)
 ParOldGen       total 68608K, used 22724K [0x0000000780000000, 0x0000000784300000, 0x00000007d5580000)
  object space 68608K, 33% used [0x0000000780000000,0x00000007816313c8,0x0000000784300000)
 Metaspace       used 34756K, committed 35840K, reserved 1114112K
  class space    used 3600K, committed 4096K, reserved 1048576K
}
Event: 31.094 GC heap before
{Heap before GC invocations=18 (full 2):
 PSYoungGen      total 22016K, used 21504K [0x00000007d5580000, 0x00000007d6d80000, 0x0000000800000000)
  eden space 21504K, 100% used [0x00000007d5580000,0x00000007d6a80000,0x00000007d6a80000)
  from space 512K, 0% used [0x00000007d6a80000,0x00000007d6a80000,0x00000007d6b00000)
  to   space 1536K, 0% used [0x00000007d6c00000,0x00000007d6c00000,0x00000007d6d80000)
 ParOldGen       total 68608K, used 22724K [0x0000000780000000, 0x0000000784300000, 0x00000007d5580000)
  object space 68608K, 33% used [0x0000000780000000,0x00000007816313c8,0x0000000784300000)
 Metaspace       used 36336K, committed 37312K, reserved 1114112K
  class space    used 3858K, committed 4288K, reserved 1048576K
}
Event: 31.108 GC heap after
{Heap after GC invocations=18 (full 2):
 PSYoungGen      total 22016K, used 1536K [0x00000007d5580000, 0x00000007d6f80000, 0x0000000800000000)
  eden space 20480K, 0% used [0x00000007d5580000,0x00000007d5580000,0x00000007d6980000)
  from space 1536K, 100% used [0x00000007d6c00000,0x00000007d6d80000,0x00000007d6d80000)
  to   space 2560K, 0% used [0x00000007d6980000,0x00000007d6980000,0x00000007d6c00000)
 ParOldGen       total 68608K, used 23192K [0x0000000780000000, 0x0000000784300000, 0x00000007d5580000)
  object space 68608K, 33% used [0x0000000780000000,0x00000007816a6320,0x0000000784300000)
 Metaspace       used 36336K, committed 37312K, reserved 1114112K
  class space    used 3858K, committed 4288K, reserved 1048576K
}
Event: 31.520 GC heap before
{Heap before GC invocations=19 (full 2):
 PSYoungGen      total 22016K, used 22016K [0x00000007d5580000, 0x00000007d6f80000, 0x0000000800000000)
  eden space 20480K, 100% used [0x00000007d5580000,0x00000007d6980000,0x00000007d6980000)
  from space 1536K, 100% used [0x00000007d6c00000,0x00000007d6d80000,0x00000007d6d80000)
  to   space 2560K, 0% used [0x00000007d6980000,0x00000007d6980000,0x00000007d6c00000)
 ParOldGen       total 68608K, used 23265K [0x0000000780000000, 0x0000000784300000, 0x00000007d5580000)
  object space 68608K, 33% used [0x0000000780000000,0x00000007816b8518,0x0000000784300000)
 Metaspace       used 38177K, committed 39232K, reserved 1114112K
  class space    used 4074K, committed 4544K, reserved 1048576K
}
Event: 31.536 GC heap after
{Heap after GC invocations=19 (full 2):
 PSYoungGen      total 23040K, used 1120K [0x00000007d5580000, 0x00000007d6d80000, 0x0000000800000000)
  eden space 20480K, 0% used [0x00000007d5580000,0x00000007d5580000,0x00000007d6980000)
  from space 2560K, 43% used [0x00000007d6980000,0x00000007d6a98000,0x00000007d6c00000)
  to   space 1536K, 0% used [0x00000007d6c00000,0x00000007d6c00000,0x00000007d6d80000)
 ParOldGen       total 68608K, used 24737K [0x0000000780000000, 0x0000000784300000, 0x00000007d5580000)
  object space 68608K, 36% used [0x0000000780000000,0x0000000781828538,0x0000000784300000)
 Metaspace       used 38177K, committed 39232K, reserved 1114112K
  class space    used 4074K, committed 4544K, reserved 1048576K
}
Event: 32.049 GC heap before
{Heap before GC invocations=20 (full 2):
 PSYoungGen      total 23040K, used 21600K [0x00000007d5580000, 0x00000007d6d80000, 0x0000000800000000)
  eden space 20480K, 100% used [0x00000007d5580000,0x00000007d6980000,0x00000007d6980000)
  from space 2560K, 43% used [0x00000007d6980000,0x00000007d6a98000,0x00000007d6c00000)
  to   space 1536K, 0% used [0x00000007d6c00000,0x00000007d6c00000,0x00000007d6d80000)
 ParOldGen       total 68608K, used 24740K [0x0000000780000000, 0x0000000784300000, 0x00000007d5580000)
  object space 68608K, 36% used [0x0000000780000000,0x0000000781829310,0x0000000784300000)
 Metaspace       used 39858K, committed 40896K, reserved 1114112K
  class space    used 4272K, committed 4736K, reserved 1048576K
}
Event: 32.051 GC heap after
{Heap after GC invocations=20 (full 2):
 PSYoungGen      total 21504K, used 832K [0x00000007d5580000, 0x00000007d6d00000, 0x0000000800000000)
  eden space 20480K, 0% used [0x00000007d5580000,0x00000007d5580000,0x00000007d6980000)
  from space 1024K, 81% used [0x00000007d6c00000,0x00000007d6cd0000,0x00000007d6d00000)
  to   space 1024K, 0% used [0x00000007d6b00000,0x00000007d6b00000,0x00000007d6c00000)
 ParOldGen       total 68608K, used 25780K [0x0000000780000000, 0x0000000784300000, 0x00000007d5580000)
  object space 68608K, 37% used [0x0000000780000000,0x000000078192d330,0x0000000784300000)
 Metaspace       used 39858K, committed 40896K, reserved 1114112K
  class space    used 4272K, committed 4736K, reserved 1048576K
}

